\BOOKMARK [0][-]{chapter.1}{\376\377\000D\000o\000c\000u\000m\000e\000n\000t\000a\000t\000i\000o\000n}{}% 1
\BOOKMARK [1][-]{section.1.1}{\376\377\000I\000n\000s\000t\000a\000l\000l\000i\000n\000g\000\040\000s\000c\000o\000u\000s\000e\000p\000y}{chapter.1}% 2
\BOOKMARK [2][-]{subsection.1.1.1}{\376\377\000R\000e\000q\000u\000i\000r\000e\000m\000e\000n\000t\000s}{section.1.1}% 3
\BOOKMARK [2][-]{subsection.1.1.2}{\376\377\000I\000n\000s\000t\000a\000l\000l\000a\000t\000i\000o\000n}{section.1.1}% 4
\BOOKMARK [2][-]{subsection.1.1.3}{\376\377\000D\000e\000v\000e\000l\000o\000p\000e\000r\000\040\000v\000e\000r\000s\000i\000o\000n}{section.1.1}% 5
\BOOKMARK [1][-]{section.1.2}{\376\377\000A\000\040\000b\000r\000i\000e\000f\000\040\000i\000n\000t\000r\000o\000d\000u\000c\000t\000i\000o\000n\000\040\000t\000o\000\040\000s\000c\000o\000u\000s\000e\000p\000y}{chapter.1}% 6
\BOOKMARK [2][-]{subsection.1.2.1}{\376\377\000S\000t\000a\000g\000e\000\040\0001\000:\000\040\000d\000e\000f\000i\000n\000i\000n\000g\000\040\000t\000h\000e\000\040\000c\000o\000v\000e\000r\000a\000g\000e}{section.1.2}% 7
\BOOKMARK [2][-]{subsection.1.2.2}{\376\377\000S\000t\000a\000g\000e\000\040\0002\000:\000\040\000f\000i\000t\000t\000i\000n\000g\000\040\000t\000h\000e\000\040\000s\000p\000e\000c\000t\000r\000a\000l\000\040\000a\000v\000e\000r\000a\000g\000i\000n\000g\000\040\000a\000r\000e\000a\000s}{section.1.2}% 8
\BOOKMARK [2][-]{subsection.1.2.3}{\376\377\000S\000t\000a\000g\000e\000\040\0003\000:\000\040\000a\000u\000t\000o\000m\000a\000t\000e\000d\000\040\000f\000i\000t\000t\000i\000n\000g}{section.1.2}% 9
\BOOKMARK [2][-]{subsection.1.2.4}{\376\377\000S\000t\000a\000g\000e\000\040\0004\000:\000\040\000s\000e\000l\000e\000c\000t\000i\000n\000g\000\040\000t\000h\000e\000\040\000b\000e\000s\000t\000\040\000f\000i\000t\000s}{section.1.2}% 10
\BOOKMARK [2][-]{subsection.1.2.5}{\376\377\000O\000p\000t\000i\000o\000n\000a\000l\000\040\000S\000t\000a\000g\000e\000s}{section.1.2}% 11
\BOOKMARK [2][-]{subsection.1.2.6}{\376\377\000S\000t\000a\000g\000e\000\040\0005\000:\000\040\000c\000h\000e\000c\000k\000i\000n\000g\000\040\000t\000h\000e\000\040\000b\000e\000s\000t\000-\000f\000i\000t\000t\000i\000n\000g\000\040\000s\000o\000l\000u\000t\000i\000o\000n\000s}{section.1.2}% 12
\BOOKMARK [2][-]{subsection.1.2.7}{\376\377\000S\000t\000a\000g\000e\000\040\0006\000:\000\040\000r\000e\000-\000a\000n\000a\000l\000y\000s\000i\000n\000g\000\040\000t\000h\000e\000\040\000i\000d\000e\000n\000t\000i\000f\000i\000e\000d\000\040\000s\000p\000e\000c\000t\000r\000a}{section.1.2}% 13
\BOOKMARK [1][-]{section.1.3}{\376\377\000T\000u\000t\000o\000r\000i\000a\000l}{chapter.1}% 14
\BOOKMARK [2][-]{subsection.1.3.1}{\376\377\000D\000a\000t\000a}{section.1.3}% 15
\BOOKMARK [1][-]{section.1.4}{\376\377\000L\000i\000c\000e\000n\000s\000e}{chapter.1}% 16
\BOOKMARK [0][-]{chapter.2}{\376\377\000R\000e\000p\000o\000r\000t\000i\000n\000g\000\040\000i\000s\000s\000u\000e\000s\000\040\000a\000n\000d\000\040\000g\000e\000t\000t\000i\000n\000g\000\040\000h\000e\000l\000p}{}% 17
\BOOKMARK [0][-]{chapter.3}{\376\377\000D\000e\000v\000e\000l\000o\000p\000e\000r\000s}{}% 18
\BOOKMARK [0][-]{chapter.4}{\376\377\000C\000i\000t\000i\000n\000g\000\040\000s\000c\000o\000u\000s\000e\000p\000y}{}% 19
\BOOKMARK [0][-]{chapter.5}{\376\377\000P\000a\000p\000e\000r\000s\000\040\000u\000s\000i\000n\000g\000\040\000s\000c\000o\000u\000s\000e\000p\000y}{}% 20
\BOOKMARK [0][-]{chapter.6}{\376\377\000R\000e\000c\000i\000p\000e}{}% 21
